SF:lib\screens\login.dart
DA:11,1
DA:12,1
DA:18,1
DA:20,1
DA:21,1
DA:22,1
DA:23,2
DA:25,2
DA:26,1
DA:28,1
DA:29,1
DA:31,3
DA:34,1
DA:36,1
DA:39,1
DA:40,1
DA:41,1
DA:43,1
DA:44,1
DA:45,1
DA:47,1
DA:49,2
DA:51,1
DA:52,1
DA:53,1
DA:59,1
DA:60,2
DA:61,1
DA:63,1
DA:67,1
DA:68,1
DA:69,2
DA:70,0
DA:71,0
DA:72,0
DA:76,1
DA:77,1
DA:79,1
DA:87,0
DA:88,0
DA:89,0
DA:91,0
LF:42
LH:35
end_of_record
SF:lib\screens\classes_screen\classes_box.dart
DA:5,0
DA:7,0
DA:8,0
DA:13,0
DA:14,0
DA:18,0
DA:19,0
DA:20,0
DA:29,0
LF:9
LH:0
end_of_record
SF:lib\screens\classes_screen\classes_list.dart
DA:5,0
DA:7,0
DA:9,0
DA:10,0
DA:11,0
DA:12,0
DA:13,0
LF:7
LH:0
end_of_record
SF:lib\screens\classes_screen\classes_item.dart
DA:10,0
DA:12,0
DA:14,0
DA:15,0
DA:16,0
DA:17,0
DA:18,0
DA:20,0
DA:21,0
DA:28,0
DA:29,0
DA:30,0
DA:36,0
DA:49,0
DA:50,0
DA:54,0
LF:16
LH:0
end_of_record
SF:lib\screens\teacher_main_screen\teachers_screen.dart
DA:7,0
DA:9,0
DA:10,0
DA:11,0
DA:12,0
DA:14,0
DA:18,0
DA:20,0
DA:22,0
DA:23,0
DA:26,0
DA:27,0
DA:33,0
LF:13
LH:0
end_of_record
SF:lib\screens\classes_screen\classes_screen.dart
DA:8,0
DA:10,0
DA:11,0
DA:12,0
DA:13,0
DA:15,0
DA:19,0
DA:21,0
DA:23,0
DA:24,0
DA:27,0
DA:28,0
DA:34,0
LF:13
LH:0
end_of_record
SF:lib\screens\menu.dart
DA:8,0
DA:10,0
DA:11,0
DA:12,0
DA:16,0
DA:17,0
DA:18,0
DA:19,0
DA:24,0
DA:26,0
DA:27,0
DA:28,0
DA:29,0
DA:34,0
DA:36,0
DA:37,0
DA:38,0
DA:39,0
DA:44,0
DA:46,0
DA:47,0
DA:48,0
DA:49,0
DA:54,0
DA:56,0
DA:57,0
DA:58,0
DA:59,0
DA:64,0
DA:71,0
DA:73,0
DA:74,0
DA:75,0
DA:77,0
DA:78,0
DA:79,0
LF:36
LH:0
end_of_record
SF:lib\screens\teacher_main_screen\box.dart
DA:5,0
DA:7,0
DA:8,0
DA:13,0
DA:14,0
DA:18,0
DA:19,0
DA:20,0
DA:29,0
LF:9
LH:0
end_of_record
SF:lib\screens\profile.dart
DA:4,1
DA:6,1
DA:7,1
DA:8,0
LF:4
LH:3
end_of_record
SF:lib\screens\teacher_main_screen\confirmationPage.dart
DA:7,0
DA:9,0
DA:10,0
DA:11,0
DA:12,0
DA:15,0
DA:16,0
DA:17,0
DA:18,0
LF:9
LH:0
end_of_record
SF:lib\screens\teacher_main_screen\list.dart
DA:6,0
DA:8,0
DA:10,0
DA:11,0
DA:12,0
DA:13,0
DA:14,0
DA:15,0
DA:16,0
LF:9
LH:0
end_of_record
SF:lib\screens\teacher_main_screen\finish_button.dart
DA:6,0
DA:8,0
DA:9,0
DA:11,0
DA:12,0
DA:13,0
DA:15,0
DA:17,0
DA:19,0
DA:20,0
DA:21,0
DA:23,0
DA:24,0
DA:25,0
LF:14
LH:0
end_of_record
SF:lib\screens\teacher_main_screen\item.dart
DA:9,0
DA:11,0
DA:13,0
DA:14,0
DA:16,0
DA:17,0
DA:18,0
DA:19,0
DA:22,0
DA:23,0
DA:25,0
DA:31,0
DA:32,0
DA:41,0
DA:48,0
DA:49,0
DA:53,0
LF:17
LH:0
end_of_record
SF:lib\screens\teacher_main_screen\checkbox.dart
DA:4,0
DA:6,0
DA:7,0
DA:13,0
DA:15,0
DA:21,0
DA:22,0
DA:24,0
DA:27,0
DA:29,0
DA:30,0
DA:31,0
DA:32,0
DA:33,0
LF:14
LH:0
end_of_record
